<?xml version="1.0" encoding="UTF-8"?>
<!-- Generated by org.testng.reporters.JUnitReportReporter -->
<testsuite hostname="DESKTOP-I5GT030" failures="0" tests="1" name="SeleniumProject.OrgHRMProject.PerformancePage" time="4.624" errors="0" timestamp="2023-02-22T13:17:12 IST" skipped="0">
  <testcase classname="SeleniumProject.OrgHRMProject.PerformancePage" name="performancePage" time="4.624"/>
  <system-out/>
</testsuite> <!-- SeleniumProject.OrgHRMProject.PerformancePage -->
