<?xml version="1.0" encoding="UTF-8"?>
<!-- Generated by org.testng.reporters.JUnitReportReporter -->
<testsuite hostname="DESKTOP-I5GT030" failures="0" tests="1" name="SeleniumProject.OrgHRMProject.LoginPage" time="2.822" errors="0" timestamp="2023-02-21T14:40:45 IST" skipped="0">
  <testcase classname="SeleniumProject.OrgHRMProject.LoginPage" name="loginPageTest" time="2.822"/>
  <system-out/>
</testsuite> <!-- SeleniumProject.OrgHRMProject.LoginPage -->
