<?xml version="1.0" encoding="UTF-8"?>
<!-- Generated by org.testng.reporters.JUnitReportReporter -->
<testsuite hostname="DESKTOP-I5GT030" failures="0" tests="1" name="SeleniumProject.OrgHRMProject.DirectoryPage" time="5.950" errors="0" timestamp="2023-02-22T13:26:15 IST" skipped="0">
  <testcase classname="SeleniumProject.OrgHRMProject.DirectoryPage" name="directoryPage" time="5.950"/>
  <system-out/>
</testsuite> <!-- SeleniumProject.OrgHRMProject.DirectoryPage -->
