<?xml version="1.0" encoding="UTF-8"?>
<!-- Generated by org.testng.reporters.JUnitReportReporter -->
<testsuite hostname="DESKTOP-I5GT030" failures="0" tests="1" name="SeleniumProject.OrgHRMProject.LeavePage" time="0.022" errors="0" timestamp="2023-02-20T22:19:16 IST" skipped="0">
  <testcase classname="SeleniumProject.OrgHRMProject.LeavePage" name="leave" time="0.022"/>
  <system-out/>
</testsuite> <!-- SeleniumProject.OrgHRMProject.LeavePage -->
