<?xml version="1.0" encoding="UTF-8"?>
<!-- Generated by org.testng.reporters.JUnitReportReporter -->
<testsuite hostname="DESKTOP-I5GT030" failures="0" tests="3" name="SeleniumProject.OrgHRMProject.LeaveList" time="5.863" errors="0" timestamp="2023-02-22T12:27:59 IST" skipped="0">
  <testcase classname="SeleniumProject.OrgHRMProject.LeaveList" name="LeaveList" time="4.666"/>
  <system-out/>
  <testcase classname="SeleniumProject.OrgHRMProject.LeaveList" name="assignLeave" time="0.630"/>
  <system-out/>
  <testcase classname="SeleniumProject.OrgHRMProject.LeaveList" name="nationality" time="0.567"/>
  <system-out/>
</testsuite> <!-- SeleniumProject.OrgHRMProject.LeaveList -->
