<?xml version="1.0" encoding="UTF-8"?>
<!-- Generated by org.testng.reporters.JUnitReportReporter -->
<testsuite hostname="DESKTOP-I5GT030" failures="0" tests="1" name="SeleniumProject.OrgHRMProject.RecruitmentPage" time="5.357" errors="0" timestamp="2023-02-22T14:07:58 IST" skipped="0">
  <testcase classname="SeleniumProject.OrgHRMProject.RecruitmentPage" name="recruitmentPage" time="5.357"/>
  <system-out/>
</testsuite> <!-- SeleniumProject.OrgHRMProject.RecruitmentPage -->
