<?xml version="1.0" encoding="UTF-8"?>
<!-- Generated by org.testng.reporters.JUnitReportReporter -->
<testsuite hostname="DESKTOP-I5GT030" failures="0" tests="1" name="SeleniumProject.OrgHRMProject.MaintenancePage" time="7.785" errors="0" timestamp="2023-02-22T13:53:39 IST" skipped="0">
  <testcase classname="SeleniumProject.OrgHRMProject.MaintenancePage" name="maintenancePage" time="7.785"/>
  <system-out/>
</testsuite> <!-- SeleniumProject.OrgHRMProject.MaintenancePage -->
