<?xml version="1.0" encoding="UTF-8"?>
<!-- Generated by org.testng.reporters.JUnitReportReporter -->
<testsuite hostname="DESKTOP-I5GT030" failures="0" tests="1" name="SeleniumProject.OrgHRMProject.SearchBarTest" time="3.419" errors="0" timestamp="2023-02-22T11:34:37 IST" skipped="0">
  <testcase classname="SeleniumProject.OrgHRMProject.SearchBarTest" name="searchBarTest" time="3.419"/>
  <system-out/>
</testsuite> <!-- SeleniumProject.OrgHRMProject.SearchBarTest -->
