<?xml version="1.0" encoding="UTF-8"?>
<!-- Generated by org.testng.reporters.JUnitReportReporter -->
<testsuite hostname="DESKTOP-I5GT030" failures="0" tests="1" name="SeleniumProject.OrgHRMProject.IMGTest" time="3.426" errors="0" timestamp="2023-02-22T14:20:52 IST" skipped="0">
  <testcase classname="SeleniumProject.OrgHRMProject.IMGTest" name="imgTest" time="3.426"/>
  <system-out/>
</testsuite> <!-- SeleniumProject.OrgHRMProject.IMGTest -->
