<?xml version="1.0" encoding="UTF-8"?>
<!-- Generated by org.testng.reporters.JUnitReportReporter -->
<testsuite hostname="DESKTOP-I5GT030" failures="0" tests="1" name="SeleniumProject.OrgHRMProject.PIMPage" time="5.308" errors="0" timestamp="2023-02-22T14:00:08 IST" skipped="0">
  <testcase classname="SeleniumProject.OrgHRMProject.PIMPage" name="pimPage" time="5.308"/>
  <system-out/>
</testsuite> <!-- SeleniumProject.OrgHRMProject.PIMPage -->
