<?xml version="1.0" encoding="UTF-8"?>
<!-- Generated by org.testng.reporters.JUnitReportReporter -->
<testsuite hostname="DESKTOP-I5GT030" failures="0" tests="1" name="SeleniumProject.OrgHRMProject.BuzzPage" time="13.882" errors="0" timestamp="2023-02-21T22:30:10 IST" skipped="0">
  <testcase classname="SeleniumProject.OrgHRMProject.BuzzPage" name="buzzPage" time="13.882"/>
  <system-out/>
</testsuite> <!-- SeleniumProject.OrgHRMProject.BuzzPage -->
