<?xml version="1.0" encoding="UTF-8"?>
<!-- Generated by org.testng.reporters.JUnitReportReporter -->
<testsuite hostname="DESKTOP-I5GT030" failures="0" tests="1" name="SeleniumProject.OrgHRMProject.TimePage" time="4.920" errors="0" timestamp="2023-02-22T10:49:45 IST" skipped="0">
  <testcase classname="SeleniumProject.OrgHRMProject.TimePage" name="timeSheet" time="4.920"/>
  <system-out/>
</testsuite> <!-- SeleniumProject.OrgHRMProject.TimePage -->
