<?xml version="1.0" encoding="UTF-8"?>
<!-- Generated by org.testng.reporters.JUnitReportReporter -->
<testsuite hostname="DESKTOP-I5GT030" failures="0" tests="1" name="SeleniumProject.OrgHRMProject.ForgetPasswordPage" time="2.604" errors="0" timestamp="2023-02-21T17:05:23 IST" skipped="0">
  <testcase classname="SeleniumProject.OrgHRMProject.ForgetPasswordPage" name="forgetPasswordPage" time="2.604"/>
  <system-out/>
</testsuite> <!-- SeleniumProject.OrgHRMProject.ForgetPasswordPage -->
